[debug] [2023-09-02T08:13:33.415Z] ----------------------------------------------------------------------
[debug] [2023-09-02T08:13:33.417Z] Command:       C:\Program Files\nodejs\node.exe C:\Users\aatis\AppData\Roaming\npm\node_modules\firebase-tools\lib\bin\firebase.js deploy
[debug] [2023-09-02T08:13:33.418Z] CLI Version:   12.5.2
[debug] [2023-09-02T08:13:33.418Z] Platform:      win32
[debug] [2023-09-02T08:13:33.419Z] Node Version:  v18.12.1
[debug] [2023-09-02T08:13:33.420Z] Time:          Sat Sep 02 2023 13:43:33 GMT+0530 (India Standard Time)
[debug] [2023-09-02T08:13:33.420Z] ----------------------------------------------------------------------
[debug] 
[debug] [2023-09-02T08:13:33.424Z] >>> [apiv2][query] GET https://firebase-public.firebaseio.com/cli.json [none]
[debug] [2023-09-02T08:13:33.543Z] > command requires scopes: ["email","openid","https://www.googleapis.com/auth/cloudplatformprojects.readonly","https://www.googleapis.com/auth/firebase","https://www.googleapis.com/auth/cloud-platform"]
[debug] [2023-09-02T08:13:33.544Z] > authorizing via signed-in user (aatishbagal135@gmail.com)
[debug] [2023-09-02T08:13:33.544Z] [iam] checking project cs-proj-ai for permissions ["firebase.projects.get","firebasehosting.sites.update"]
[debug] [2023-09-02T08:13:33.545Z] > refreshing access token with scopes: []
[debug] [2023-09-02T08:13:33.546Z] >>> [apiv2][query] POST https://www.googleapis.com/oauth2/v3/token [none]
[debug] [2023-09-02T08:13:33.546Z] >>> [apiv2][body] POST https://www.googleapis.com/oauth2/v3/token [omitted]
[debug] [2023-09-02T08:13:34.137Z] <<< [apiv2][status] POST https://www.googleapis.com/oauth2/v3/token 200
[debug] [2023-09-02T08:13:34.138Z] <<< [apiv2][body] POST https://www.googleapis.com/oauth2/v3/token [omitted]
[debug] [2023-09-02T08:13:34.156Z] >>> [apiv2][query] POST https://cloudresourcemanager.googleapis.com/v1/projects/cs-proj-ai:testIamPermissions [none]
[debug] [2023-09-02T08:13:34.156Z] >>> [apiv2][(partial)header] POST https://cloudresourcemanager.googleapis.com/v1/projects/cs-proj-ai:testIamPermissions x-goog-quota-user=projects/cs-proj-ai
[debug] [2023-09-02T08:13:34.156Z] >>> [apiv2][body] POST https://cloudresourcemanager.googleapis.com/v1/projects/cs-proj-ai:testIamPermissions {"permissions":["firebase.projects.get","firebasehosting.sites.update"]}
[debug] [2023-09-02T08:13:34.415Z] <<< [apiv2][status] GET https://firebase-public.firebaseio.com/cli.json 200
[debug] [2023-09-02T08:13:34.415Z] <<< [apiv2][body] GET https://firebase-public.firebaseio.com/cli.json {"cloudBuildErrorAfter":1594252800000,"cloudBuildWarnAfter":1590019200000,"defaultNode10After":1594252800000,"minVersion":"3.0.5","node8DeploysDisabledAfter":1613390400000,"node8RuntimeDisabledAfter":1615809600000,"node8WarnAfter":1600128000000}
[debug] [2023-09-02T08:13:36.078Z] <<< [apiv2][status] POST https://cloudresourcemanager.googleapis.com/v1/projects/cs-proj-ai:testIamPermissions 200
[debug] [2023-09-02T08:13:36.078Z] <<< [apiv2][body] POST https://cloudresourcemanager.googleapis.com/v1/projects/cs-proj-ai:testIamPermissions {"permissions":["firebase.projects.get","firebasehosting.sites.update"]}
[debug] [2023-09-02T08:13:36.080Z] >>> [apiv2][query] GET https://firebase.googleapis.com/v1beta1/projects/cs-proj-ai [none]
[debug] [2023-09-02T08:13:36.919Z] <<< [apiv2][status] GET https://firebase.googleapis.com/v1beta1/projects/cs-proj-ai 200
[debug] [2023-09-02T08:13:36.919Z] <<< [apiv2][body] GET https://firebase.googleapis.com/v1beta1/projects/cs-proj-ai {"projectId":"cs-proj-ai","projectNumber":"997485128858","displayName":"cs-proj-ai","name":"projects/cs-proj-ai","resources":{"hostingSite":"cs-proj-ai"},"state":"ACTIVE","etag":"1_4c8a8ace-886c-41a2-9b13-1808e1bae7b4"}
[info] 
[info] === Deploying to 'cs-proj-ai'...
[info] 
[info] i  deploying hosting 
[debug] [2023-09-02T08:13:36.926Z] >>> [apiv2][query] POST https://firebasehosting.googleapis.com/v1beta1/projects/-/sites/cs-proj-ai/versions [none]
[debug] [2023-09-02T08:13:36.926Z] >>> [apiv2][body] POST https://firebasehosting.googleapis.com/v1beta1/projects/-/sites/cs-proj-ai/versions {"status":"CREATED","labels":{"deployment-tool":"cli-firebase"}}
[debug] [2023-09-02T08:13:38.678Z] <<< [apiv2][status] POST https://firebasehosting.googleapis.com/v1beta1/projects/-/sites/cs-proj-ai/versions 200
[debug] [2023-09-02T08:13:38.679Z] <<< [apiv2][body] POST https://firebasehosting.googleapis.com/v1beta1/projects/-/sites/cs-proj-ai/versions {"name":"projects/997485128858/sites/cs-proj-ai/versions/1e1e9e0102cbd9ce","status":"CREATED","config":{},"labels":{"deployment-tool":"cli-firebase"}}
[info] i  hosting[cs-proj-ai]: beginning deploy... 
[info] i  hosting[cs-proj-ai]: found 8 files in public 
[debug] [2023-09-02T08:13:38.689Z] [hosting] uploading with 200 concurrency
[debug] [2023-09-02T08:13:39.193Z] [hosting] hash cache [cHVibGlj] stored for 8 files
[debug] [2023-09-02T08:13:39.193Z] [hosting][hash queue][FINAL] {"max":496,"min":8,"avg":100.25,"active":0,"complete":8,"success":8,"errored":0,"retried":0,"total":8,"elapsed":500}
[debug] [2023-09-02T08:13:39.193Z] >>> [apiv2][query] POST https://firebasehosting.googleapis.com/v1beta1/projects/997485128858/sites/cs-proj-ai/versions/1e1e9e0102cbd9ce:populateFiles [none]
[debug] [2023-09-02T08:13:39.193Z] >>> [apiv2][body] POST https://firebasehosting.googleapis.com/v1beta1/projects/997485128858/sites/cs-proj-ai/versions/1e1e9e0102cbd9ce:populateFiles {"files":{"/index.html":"7843d6bbb1e08d807224d22d68df86d12efeb5ffab3c76ca11f244f048846403","/style.css":"8b62b22f83df968f0f058baa835b3e678bc71bd27a03271b38782e72d3fdb430","/assets/connected-city-bg-orig.jpeg":"0ac47d86380f49fcf66728011a82530fa299b42adfc2b043506b5eddaab1772d","/assets/cover.png":"bc3cbc0c64ab44a10bc6692ca01e16ded1bd955090a8447c2cf61a0273cbab2d","/assets/connected-city-bg.png":"1390c48919f67e83bc6278c71181855ad9521e5f3175e3bc4356e699a6b71bee","/assets/cover-orig.png":"2fbbe101f24be6aed38241d8dd4eeeaec22c894c322e16983b45b28eb397fa43","/assets/bg-vid-orig.mp4":"8c7db774d35a6c4e9ff449db8897698a1b2c8a620c8456f620fcd2258f5029de","/assets/bg-vid.mp4":"225ddb31bec0a172097eeb1f6764c3241683e092f598c5407776f0c4e8d392a7"}}
